<?xml version="1.0" encoding="UTF-8"?>
<!-- Generated by org.testng.reporters.JUnitXMLReporter -->
<testsuite ignored="2" hostname="LAPTOP-N2EI4SRN" failures="0" tests="23" name="Surefire test" time="0.126" errors="0" timestamp="2022-09-06T14:58:24 IST">
  <testcase classname="TestNGlearning.MavenProject.TestNGAnnotation" name="TestCase1" time="0.0"/>
  <testcase classname="TestNGlearning.MavenProject.TestNGAnnotation" name="TestCase2" time="0.0"/>
  <testcase classname="TestNGlearning.MavenProject.TestNGClassA" name="testA" time="0.0"/>
  <testcase classname="TestNGlearning.MavenProject.TestNGClassA" name="testB" time="0.0"/>
  <testcase classname="TestNGlearning.MavenProject.TestNGClassA" name="testC" time="0.0"/>
  <testcase classname="TestNGlearning.MavenProject.TestNGClassB" name="testA" time="0.0"/>
  <testcase classname="TestNGlearning.MavenProject.TestNGClassB" name="testB" time="0.0"/>
  <testcase classname="TestNGlearning.MavenProject.TestNGClassB" name="testC" time="0.007"/>
  <testcase classname="TestNGlearning.MavenProject.TestngKeywordDemo" name="TestCase4" time="0.0"/>
  <testcase classname="TestNGlearning.MavenProject.TestngKeywordDemo" name="TestCase5" time="0.0"/>
  <testcase classname="TestNGlearning.MavenProject.TestngKeywordDemo" name="TestCase5" time="0.0"/>
  <testcase classname="TestNGlearning.MavenProject.TestngKeywordDemo" name="TestCase5" time="0.0"/>
  <testcase classname="TestNGlearning.MavenProject.TestngKeywordDemo" name="TestCase5" time="0.009"/>
  <testcase classname="TestNGlearning.MavenProject.TestngKeywordDemo" name="TestCase2" time="0.0"/>
  <testcase classname="TestNGlearning.MavenProject.TestngKeywordDemo" name="TestCase1" time="0.0"/>
  <testcase classname="TestNGlearning.MavenProject.TestNGkeywords" name="testC" time="0.012"/>
  <testcase classname="TestNGlearning.MavenProject.TestNGkeywords" name="testC" time="0.0"/>
  <testcase classname="TestNGlearning.MavenProject.TestNGkeywords" name="testB" time="0.0"/>
  <testcase classname="TestNGlearning.MavenProject.TestNGkeywords" name="testA" time="0.001"/>
  <testcase classname="TestNGlearning.MavenProject.TestNgPractice" name="TestCase1" time="0.0"/>
  <testcase classname="TestNGlearning.MavenProject.TestNgPractice" name="TestCase2" time="0.001"/>
  <testcase classname="TestNGlearning.MavenProject.TestNgPractice" name="TestCase3" time="0.0"/>
  <testcase classname="TestNGlearning.MavenProject.TestNgPractice" name="TestCase4" time="0.0"/>
  <testcase classname="TestNGlearning.MavenProject.TestNGkeywords" name="testD" time="0.0">
    <ignored/>
  </testcase> <!-- testD -->
  <testcase classname="TestNGlearning.MavenProject.TestngKeywordDemo" name="TestCase3" time="0.0">
    <ignored/>
  </testcase> <!-- TestCase3 -->
</testsuite> <!-- Surefire test -->
