<?xml version="1.0" encoding="UTF-8"?>
<!-- Generated by org.testng.reporters.JUnitXMLReporter -->
<testsuite ignored="0" hostname="LAPTOP-N2EI4SRN" failures="0" tests="6" name="Test" time="0.077" errors="0" timestamp="2022-09-09T17:24:13 IST">
  <testcase classname="TestNGlearning.MavenProject.TestNGClassB" name="testA" time="0.005"/>
  <testcase classname="TestNGlearning.MavenProject.TestNGClassA" name="testA" time="0.004"/>
  <testcase classname="TestNGlearning.MavenProject.TestNGClassA" name="testB" time="0.003"/>
  <testcase classname="TestNGlearning.MavenProject.TestNGClassB" name="testB" time="0.002"/>
  <testcase classname="TestNGlearning.MavenProject.TestNGClassA" name="testC" time="0.002"/>
  <testcase classname="TestNGlearning.MavenProject.TestNGClassB" name="testC" time="0.002"/>
</testsuite> <!-- Test -->
