<?xml version="1.0" encoding="UTF-8"?>
<testng-results ignored="2" total="25" passed="23" failed="0" skipped="0">
  <reporter-output>
  </reporter-output>
  <suite started-at="2022-09-06T14:58:24 IST" name="Surefire suite" finished-at="2022-09-06T14:58:24 IST" duration-ms="126">
    <groups>
    </groups>
    <test started-at="2022-09-06T14:58:24 IST" name="Surefire test" finished-at="2022-09-06T14:58:24 IST" duration-ms="126">
      <class name="TestNGlearning.MavenProject.TestngKeywordDemo">
        <test-method signature="TestCase4()[pri:-2, instance:TestNGlearning.MavenProject.TestngKeywordDemo@5136d012]" started-at="2022-09-06T14:58:24 IST" name="TestCase4" finished-at="2022-09-06T14:58:24 IST" duration-ms="0" status="PASS">
          <reporter-output>
          </reporter-output>
        </test-method> <!-- TestCase4 -->
        <test-method signature="TestCase5()[pri:0, instance:TestNGlearning.MavenProject.TestngKeywordDemo@5136d012]" started-at="2022-09-06T14:58:24 IST" name="TestCase5" finished-at="2022-09-06T14:58:24 IST" duration-ms="0" status="PASS">
          <reporter-output>
          </reporter-output>
        </test-method> <!-- TestCase5 -->
        <test-method signature="TestCase5()[pri:0, instance:TestNGlearning.MavenProject.TestngKeywordDemo@5136d012]" started-at="2022-09-06T14:58:24 IST" name="TestCase5" finished-at="2022-09-06T14:58:24 IST" duration-ms="0" status="PASS">
          <reporter-output>
          </reporter-output>
        </test-method> <!-- TestCase5 -->
        <test-method signature="TestCase5()[pri:0, instance:TestNGlearning.MavenProject.TestngKeywordDemo@5136d012]" started-at="2022-09-06T14:58:24 IST" name="TestCase5" finished-at="2022-09-06T14:58:24 IST" duration-ms="9" status="PASS">
          <reporter-output>
          </reporter-output>
        </test-method> <!-- TestCase5 -->
        <test-method signature="TestCase5()[pri:0, instance:TestNGlearning.MavenProject.TestngKeywordDemo@5136d012]" started-at="2022-09-06T14:58:24 IST" name="TestCase5" finished-at="2022-09-06T14:58:24 IST" duration-ms="0" status="PASS">
          <reporter-output>
          </reporter-output>
        </test-method> <!-- TestCase5 -->
        <test-method signature="TestCase2()[pri:2, instance:TestNGlearning.MavenProject.TestngKeywordDemo@5136d012]" started-at="2022-09-06T14:58:24 IST" name="TestCase2" finished-at="2022-09-06T14:58:24 IST" duration-ms="0" status="PASS">
          <reporter-output>
          </reporter-output>
        </test-method> <!-- TestCase2 -->
        <test-method signature="TestCase1()[pri:4, instance:TestNGlearning.MavenProject.TestngKeywordDemo@5136d012]" started-at="2022-09-06T14:58:24 IST" name="TestCase1" finished-at="2022-09-06T14:58:24 IST" duration-ms="0" status="PASS">
          <reporter-output>
          </reporter-output>
        </test-method> <!-- TestCase1 -->
      </class> <!-- TestNGlearning.MavenProject.TestngKeywordDemo -->
      <class name="TestNGlearning.MavenProject.TestNGAnnotation">
        <test-method is-config="true" signature="BeforeSuiteMethod()[pri:0, instance:TestNGlearning.MavenProject.TestNGAnnotation@2525ff7e]" started-at="2022-09-06T14:58:24 IST" name="BeforeSuiteMethod" finished-at="2022-09-06T14:58:24 IST" duration-ms="18" status="PASS">
          <reporter-output>
          </reporter-output>
        </test-method> <!-- BeforeSuiteMethod -->
        <test-method is-config="true" signature="BeforeTestMethod()[pri:0, instance:TestNGlearning.MavenProject.TestNGAnnotation@2525ff7e]" started-at="2022-09-06T14:58:24 IST" name="BeforeTestMethod" finished-at="2022-09-06T14:58:24 IST" duration-ms="0" status="PASS">
          <reporter-output>
          </reporter-output>
        </test-method> <!-- BeforeTestMethod -->
        <test-method is-config="true" signature="BeforeClassMethod()[pri:0, instance:TestNGlearning.MavenProject.TestNGAnnotation@2525ff7e]" started-at="2022-09-06T14:58:24 IST" name="BeforeClassMethod" finished-at="2022-09-06T14:58:24 IST" duration-ms="2" status="PASS">
          <reporter-output>
          </reporter-output>
        </test-method> <!-- BeforeClassMethod -->
        <test-method signature="TestCase1()[pri:0, instance:TestNGlearning.MavenProject.TestNGAnnotation@2525ff7e]" started-at="2022-09-06T14:58:24 IST" name="TestCase1" finished-at="2022-09-06T14:58:24 IST" duration-ms="0" status="PASS">
          <reporter-output>
          </reporter-output>
        </test-method> <!-- TestCase1 -->
        <test-method is-config="true" signature="AfterMethodMethod()[pri:0, instance:TestNGlearning.MavenProject.TestNGAnnotation@2525ff7e]" started-at="2022-09-06T14:58:24 IST" name="AfterMethodMethod" finished-at="2022-09-06T14:58:24 IST" duration-ms="0" status="PASS">
          <reporter-output>
          </reporter-output>
        </test-method> <!-- AfterMethodMethod -->
        <test-method is-config="true" signature="BeforeMethodMethod()[pri:0, instance:TestNGlearning.MavenProject.TestNGAnnotation@2525ff7e]" started-at="2022-09-06T14:58:24 IST" name="BeforeMethodMethod" finished-at="2022-09-06T14:58:24 IST" duration-ms="0" status="PASS">
          <reporter-output>
          </reporter-output>
        </test-method> <!-- BeforeMethodMethod -->
        <test-method signature="TestCase2()[pri:0, instance:TestNGlearning.MavenProject.TestNGAnnotation@2525ff7e]" started-at="2022-09-06T14:58:24 IST" name="TestCase2" finished-at="2022-09-06T14:58:24 IST" duration-ms="0" status="PASS">
          <reporter-output>
          </reporter-output>
        </test-method> <!-- TestCase2 -->
        <test-method is-config="true" signature="BeforeMethodMethod()[pri:0, instance:TestNGlearning.MavenProject.TestNGAnnotation@2525ff7e]" started-at="2022-09-06T14:58:24 IST" name="BeforeMethodMethod" finished-at="2022-09-06T14:58:24 IST" duration-ms="0" status="PASS">
          <reporter-output>
          </reporter-output>
        </test-method> <!-- BeforeMethodMethod -->
        <test-method is-config="true" signature="AfterMethodMethod()[pri:0, instance:TestNGlearning.MavenProject.TestNGAnnotation@2525ff7e]" started-at="2022-09-06T14:58:24 IST" name="AfterMethodMethod" finished-at="2022-09-06T14:58:24 IST" duration-ms="2" status="PASS">
          <reporter-output>
          </reporter-output>
        </test-method> <!-- AfterMethodMethod -->
        <test-method is-config="true" signature="AfterClassMethod()[pri:0, instance:TestNGlearning.MavenProject.TestNGAnnotation@2525ff7e]" started-at="2022-09-06T14:58:24 IST" name="AfterClassMethod" finished-at="2022-09-06T14:58:24 IST" duration-ms="0" status="PASS">
          <reporter-output>
          </reporter-output>
        </test-method> <!-- AfterClassMethod -->
        <test-method is-config="true" signature="AfterTestMethod()[pri:0, instance:TestNGlearning.MavenProject.TestNGAnnotation@2525ff7e]" started-at="2022-09-06T14:58:24 IST" name="AfterTestMethod" finished-at="2022-09-06T14:58:24 IST" duration-ms="0" status="PASS">
          <reporter-output>
          </reporter-output>
        </test-method> <!-- AfterTestMethod -->
        <test-method is-config="true" signature="AfterSuiteMethod()[pri:0, instance:TestNGlearning.MavenProject.TestNGAnnotation@2525ff7e]" started-at="2022-09-06T14:58:24 IST" name="AfterSuiteMethod" finished-at="2022-09-06T14:58:24 IST" duration-ms="0" status="PASS">
          <reporter-output>
          </reporter-output>
        </test-method> <!-- AfterSuiteMethod -->
      </class> <!-- TestNGlearning.MavenProject.TestNGAnnotation -->
      <class name="TestNGlearning.MavenProject.TestNGClassB">
        <test-method signature="testA()[pri:0, instance:TestNGlearning.MavenProject.TestNGClassB@2beee7ff]" started-at="2022-09-06T14:58:24 IST" name="testA" finished-at="2022-09-06T14:58:24 IST" duration-ms="0" status="PASS">
          <reporter-output>
          </reporter-output>
        </test-method> <!-- testA -->
        <test-method signature="testB()[pri:0, instance:TestNGlearning.MavenProject.TestNGClassB@2beee7ff]" started-at="2022-09-06T14:58:24 IST" name="testB" finished-at="2022-09-06T14:58:24 IST" duration-ms="0" status="PASS">
          <reporter-output>
          </reporter-output>
        </test-method> <!-- testB -->
        <test-method signature="testC()[pri:0, instance:TestNGlearning.MavenProject.TestNGClassB@2beee7ff]" started-at="2022-09-06T14:58:24 IST" name="testC" finished-at="2022-09-06T14:58:24 IST" duration-ms="7" status="PASS">
          <reporter-output>
          </reporter-output>
        </test-method> <!-- testC -->
        <test-method is-config="true" signature="beforemethod()[pri:0, instance:TestNGlearning.MavenProject.TestNGClassB@2beee7ff]" started-at="2022-09-06T14:58:24 IST" name="beforemethod" finished-at="2022-09-06T14:58:24 IST" duration-ms="0" status="PASS">
          <reporter-output>
          </reporter-output>
        </test-method> <!-- beforemethod -->
        <test-method is-config="true" signature="aftermethod()[pri:0, instance:TestNGlearning.MavenProject.TestNGClassB@2beee7ff]" started-at="2022-09-06T14:58:24 IST" name="aftermethod" finished-at="2022-09-06T14:58:24 IST" duration-ms="0" status="PASS">
          <reporter-output>
          </reporter-output>
        </test-method> <!-- aftermethod -->
        <test-method is-config="true" signature="beforeclass()[pri:0, instance:TestNGlearning.MavenProject.TestNGClassB@2beee7ff]" started-at="2022-09-06T14:58:24 IST" name="beforeclass" finished-at="2022-09-06T14:58:24 IST" duration-ms="0" status="PASS">
          <reporter-output>
          </reporter-output>
        </test-method> <!-- beforeclass -->
        <test-method is-config="true" signature="beforemethod()[pri:0, instance:TestNGlearning.MavenProject.TestNGClassB@2beee7ff]" started-at="2022-09-06T14:58:24 IST" name="beforemethod" finished-at="2022-09-06T14:58:24 IST" duration-ms="0" status="PASS">
          <reporter-output>
          </reporter-output>
        </test-method> <!-- beforemethod -->
        <test-method is-config="true" signature="aftermethod()[pri:0, instance:TestNGlearning.MavenProject.TestNGClassB@2beee7ff]" started-at="2022-09-06T14:58:24 IST" name="aftermethod" finished-at="2022-09-06T14:58:24 IST" duration-ms="0" status="PASS">
          <reporter-output>
          </reporter-output>
        </test-method> <!-- aftermethod -->
        <test-method is-config="true" signature="beforemethod()[pri:0, instance:TestNGlearning.MavenProject.TestNGClassB@2beee7ff]" started-at="2022-09-06T14:58:24 IST" name="beforemethod" finished-at="2022-09-06T14:58:24 IST" duration-ms="0" status="PASS">
          <reporter-output>
          </reporter-output>
        </test-method> <!-- beforemethod -->
        <test-method is-config="true" signature="afterclass()[pri:0, instance:TestNGlearning.MavenProject.TestNGClassB@2beee7ff]" started-at="2022-09-06T14:58:24 IST" name="afterclass" finished-at="2022-09-06T14:58:24 IST" duration-ms="0" status="PASS">
          <reporter-output>
          </reporter-output>
        </test-method> <!-- afterclass -->
        <test-method is-config="true" signature="aftermethod()[pri:0, instance:TestNGlearning.MavenProject.TestNGClassB@2beee7ff]" started-at="2022-09-06T14:58:24 IST" name="aftermethod" finished-at="2022-09-06T14:58:24 IST" duration-ms="0" status="PASS">
          <reporter-output>
          </reporter-output>
        </test-method> <!-- aftermethod -->
      </class> <!-- TestNGlearning.MavenProject.TestNGClassB -->
      <class name="TestNGlearning.MavenProject.TestNGkeywords">
        <test-method signature="testC()[pri:-1, instance:TestNGlearning.MavenProject.TestNGkeywords@52102734]" started-at="2022-09-06T14:58:24 IST" name="testC" finished-at="2022-09-06T14:58:24 IST" duration-ms="12" status="PASS">
          <reporter-output>
          </reporter-output>
        </test-method> <!-- testC -->
        <test-method is-config="true" signature="beforeclass()[pri:0, instance:TestNGlearning.MavenProject.TestNGkeywords@52102734]" started-at="2022-09-06T14:58:24 IST" name="beforeclass" finished-at="2022-09-06T14:58:24 IST" duration-ms="0" status="PASS">
          <reporter-output>
          </reporter-output>
        </test-method> <!-- beforeclass -->
        <test-method is-config="true" signature="beforemethod()[pri:0, instance:TestNGlearning.MavenProject.TestNGkeywords@52102734]" started-at="2022-09-06T14:58:24 IST" name="beforemethod" finished-at="2022-09-06T14:58:24 IST" duration-ms="0" status="PASS">
          <reporter-output>
          </reporter-output>
        </test-method> <!-- beforemethod -->
        <test-method is-config="true" signature="beforemethod()[pri:0, instance:TestNGlearning.MavenProject.TestNGkeywords@52102734]" started-at="2022-09-06T14:58:24 IST" name="beforemethod" finished-at="2022-09-06T14:58:24 IST" duration-ms="1" status="PASS">
          <reporter-output>
          </reporter-output>
        </test-method> <!-- beforemethod -->
        <test-method is-config="true" signature="aftermethod()[pri:0, instance:TestNGlearning.MavenProject.TestNGkeywords@52102734]" started-at="2022-09-06T14:58:24 IST" name="aftermethod" finished-at="2022-09-06T14:58:24 IST" duration-ms="0" status="PASS">
          <reporter-output>
          </reporter-output>
        </test-method> <!-- aftermethod -->
        <test-method signature="testB()[pri:2, instance:TestNGlearning.MavenProject.TestNGkeywords@52102734]" started-at="2022-09-06T14:58:24 IST" name="testB" finished-at="2022-09-06T14:58:24 IST" duration-ms="0" status="PASS">
          <reporter-output>
          </reporter-output>
        </test-method> <!-- testB -->
        <test-method signature="testC()[pri:-1, instance:TestNGlearning.MavenProject.TestNGkeywords@52102734]" started-at="2022-09-06T14:58:24 IST" name="testC" finished-at="2022-09-06T14:58:24 IST" duration-ms="0" status="PASS">
          <reporter-output>
          </reporter-output>
        </test-method> <!-- testC -->
        <test-method is-config="true" signature="aftermethod()[pri:0, instance:TestNGlearning.MavenProject.TestNGkeywords@52102734]" started-at="2022-09-06T14:58:24 IST" name="aftermethod" finished-at="2022-09-06T14:58:24 IST" duration-ms="0" status="PASS">
          <reporter-output>
          </reporter-output>
        </test-method> <!-- aftermethod -->
        <test-method is-config="true" signature="aftermethod()[pri:0, instance:TestNGlearning.MavenProject.TestNGkeywords@52102734]" started-at="2022-09-06T14:58:24 IST" name="aftermethod" finished-at="2022-09-06T14:58:24 IST" duration-ms="0" status="PASS">
          <reporter-output>
          </reporter-output>
        </test-method> <!-- aftermethod -->
        <test-method is-config="true" signature="beforemethod()[pri:0, instance:TestNGlearning.MavenProject.TestNGkeywords@52102734]" started-at="2022-09-06T14:58:24 IST" name="beforemethod" finished-at="2022-09-06T14:58:24 IST" duration-ms="0" status="PASS">
          <reporter-output>
          </reporter-output>
        </test-method> <!-- beforemethod -->
        <test-method signature="testA()[pri:1, instance:TestNGlearning.MavenProject.TestNGkeywords@52102734]" started-at="2022-09-06T14:58:24 IST" name="testA" finished-at="2022-09-06T14:58:24 IST" depends-on-methods="TestNGlearning.MavenProject.TestNGkeywords.testB" duration-ms="1" status="PASS">
          <reporter-output>
          </reporter-output>
        </test-method> <!-- testA -->
        <test-method is-config="true" signature="beforemethod()[pri:0, instance:TestNGlearning.MavenProject.TestNGkeywords@52102734]" started-at="2022-09-06T14:58:24 IST" name="beforemethod" finished-at="2022-09-06T14:58:24 IST" duration-ms="0" status="PASS">
          <reporter-output>
          </reporter-output>
        </test-method> <!-- beforemethod -->
        <test-method is-config="true" signature="aftermethod()[pri:0, instance:TestNGlearning.MavenProject.TestNGkeywords@52102734]" started-at="2022-09-06T14:58:24 IST" name="aftermethod" finished-at="2022-09-06T14:58:24 IST" duration-ms="0" status="PASS">
          <reporter-output>
          </reporter-output>
        </test-method> <!-- aftermethod -->
        <test-method is-config="true" signature="afterclass()[pri:0, instance:TestNGlearning.MavenProject.TestNGkeywords@52102734]" started-at="2022-09-06T14:58:24 IST" name="afterclass" finished-at="2022-09-06T14:58:24 IST" duration-ms="1" status="PASS">
          <reporter-output>
          </reporter-output>
        </test-method> <!-- afterclass -->
      </class> <!-- TestNGlearning.MavenProject.TestNGkeywords -->
      <class name="TestNGlearning.MavenProject.TestNGClassA">
        <test-method is-config="true" signature="beforetest()[pri:0, instance:TestNGlearning.MavenProject.TestNGClassA@306cf3ea]" started-at="2022-09-06T14:58:24 IST" name="beforetest" finished-at="2022-09-06T14:58:24 IST" duration-ms="1" status="PASS">
          <reporter-output>
          </reporter-output>
        </test-method> <!-- beforetest -->
        <test-method signature="testA()[pri:0, instance:TestNGlearning.MavenProject.TestNGClassA@306cf3ea]" started-at="2022-09-06T14:58:24 IST" name="testA" finished-at="2022-09-06T14:58:24 IST" duration-ms="0" status="PASS">
          <reporter-output>
          </reporter-output>
        </test-method> <!-- testA -->
        <test-method is-config="true" signature="aftermethod()[pri:0, instance:TestNGlearning.MavenProject.TestNGClassA@306cf3ea]" started-at="2022-09-06T14:58:24 IST" name="aftermethod" finished-at="2022-09-06T14:58:24 IST" duration-ms="0" status="PASS">
          <reporter-output>
          </reporter-output>
        </test-method> <!-- aftermethod -->
        <test-method is-config="true" signature="beforeclass()[pri:0, instance:TestNGlearning.MavenProject.TestNGClassA@306cf3ea]" started-at="2022-09-06T14:58:24 IST" name="beforeclass" finished-at="2022-09-06T14:58:24 IST" duration-ms="0" status="PASS">
          <reporter-output>
          </reporter-output>
        </test-method> <!-- beforeclass -->
        <test-method is-config="true" signature="beforemethod()[pri:0, instance:TestNGlearning.MavenProject.TestNGClassA@306cf3ea]" started-at="2022-09-06T14:58:24 IST" name="beforemethod" finished-at="2022-09-06T14:58:24 IST" duration-ms="0" status="PASS">
          <reporter-output>
          </reporter-output>
        </test-method> <!-- beforemethod -->
        <test-method is-config="true" signature="beforemethod()[pri:0, instance:TestNGlearning.MavenProject.TestNGClassA@306cf3ea]" started-at="2022-09-06T14:58:24 IST" name="beforemethod" finished-at="2022-09-06T14:58:24 IST" duration-ms="1" status="PASS">
          <reporter-output>
          </reporter-output>
        </test-method> <!-- beforemethod -->
        <test-method signature="testB()[pri:0, instance:TestNGlearning.MavenProject.TestNGClassA@306cf3ea]" started-at="2022-09-06T14:58:24 IST" name="testB" finished-at="2022-09-06T14:58:24 IST" duration-ms="0" status="PASS">
          <reporter-output>
          </reporter-output>
        </test-method> <!-- testB -->
        <test-method signature="testC()[pri:0, instance:TestNGlearning.MavenProject.TestNGClassA@306cf3ea]" started-at="2022-09-06T14:58:24 IST" name="testC" finished-at="2022-09-06T14:58:24 IST" duration-ms="0" status="PASS">
          <reporter-output>
          </reporter-output>
        </test-method> <!-- testC -->
        <test-method is-config="true" signature="beforemethod()[pri:0, instance:TestNGlearning.MavenProject.TestNGClassA@306cf3ea]" started-at="2022-09-06T14:58:24 IST" name="beforemethod" finished-at="2022-09-06T14:58:24 IST" duration-ms="0" status="PASS">
          <reporter-output>
          </reporter-output>
        </test-method> <!-- beforemethod -->
        <test-method is-config="true" signature="aftermethod()[pri:0, instance:TestNGlearning.MavenProject.TestNGClassA@306cf3ea]" started-at="2022-09-06T14:58:24 IST" name="aftermethod" finished-at="2022-09-06T14:58:24 IST" duration-ms="0" status="PASS">
          <reporter-output>
          </reporter-output>
        </test-method> <!-- aftermethod -->
        <test-method is-config="true" signature="aftermethod()[pri:0, instance:TestNGlearning.MavenProject.TestNGClassA@306cf3ea]" started-at="2022-09-06T14:58:24 IST" name="aftermethod" finished-at="2022-09-06T14:58:24 IST" duration-ms="0" status="PASS">
          <reporter-output>
          </reporter-output>
        </test-method> <!-- aftermethod -->
        <test-method is-config="true" signature="afterclass()[pri:0, instance:TestNGlearning.MavenProject.TestNGClassA@306cf3ea]" started-at="2022-09-06T14:58:24 IST" name="afterclass" finished-at="2022-09-06T14:58:24 IST" duration-ms="0" status="PASS">
          <reporter-output>
          </reporter-output>
        </test-method> <!-- afterclass -->
        <test-method is-config="true" signature="aftertest()[pri:0, instance:TestNGlearning.MavenProject.TestNGClassA@306cf3ea]" started-at="2022-09-06T14:58:24 IST" name="aftertest" finished-at="2022-09-06T14:58:24 IST" duration-ms="0" status="PASS">
          <reporter-output>
          </reporter-output>
        </test-method> <!-- aftertest -->
      </class> <!-- TestNGlearning.MavenProject.TestNGClassA -->
      <class name="TestNGlearning.MavenProject.TestNgPractice">
        <test-method is-config="true" signature="BasicSetup()[pri:0, instance:TestNGlearning.MavenProject.TestNgPractice@3541cb24]" started-at="2022-09-06T14:58:24 IST" name="BasicSetup" finished-at="2022-09-06T14:58:24 IST" duration-ms="0" status="PASS">
          <reporter-output>
          </reporter-output>
        </test-method> <!-- BasicSetup -->
        <test-method is-config="true" signature="LaunchBrowser()[pri:0, instance:TestNGlearning.MavenProject.TestNgPractice@3541cb24]" started-at="2022-09-06T14:58:24 IST" name="LaunchBrowser" finished-at="2022-09-06T14:58:24 IST" duration-ms="0" status="PASS">
          <reporter-output>
          </reporter-output>
        </test-method> <!-- LaunchBrowser -->
        <test-method is-config="true" signature="LaunchApp()[pri:0, instance:TestNGlearning.MavenProject.TestNgPractice@3541cb24]" started-at="2022-09-06T14:58:24 IST" name="LaunchApp" finished-at="2022-09-06T14:58:24 IST" duration-ms="0" status="PASS">
          <reporter-output>
          </reporter-output>
        </test-method> <!-- LaunchApp -->
        <test-method is-config="true" signature="BeforeEachtestCase()[pri:0, instance:TestNGlearning.MavenProject.TestNgPractice@3541cb24]" started-at="2022-09-06T14:58:24 IST" name="BeforeEachtestCase" finished-at="2022-09-06T14:58:24 IST" duration-ms="1" status="PASS">
          <reporter-output>
          </reporter-output>
        </test-method> <!-- BeforeEachtestCase -->
        <test-method signature="TestCase1()[pri:0, instance:TestNGlearning.MavenProject.TestNgPractice@3541cb24]" started-at="2022-09-06T14:58:24 IST" name="TestCase1" finished-at="2022-09-06T14:58:24 IST" duration-ms="0" status="PASS">
          <reporter-output>
          </reporter-output>
        </test-method> <!-- TestCase1 -->
        <test-method is-config="true" signature="AfterEachTestMethod()[pri:0, instance:TestNGlearning.MavenProject.TestNgPractice@3541cb24]" started-at="2022-09-06T14:58:24 IST" name="AfterEachTestMethod" finished-at="2022-09-06T14:58:24 IST" duration-ms="1" status="PASS">
          <reporter-output>
          </reporter-output>
        </test-method> <!-- AfterEachTestMethod -->
        <test-method signature="TestCase2()[pri:0, instance:TestNGlearning.MavenProject.TestNgPractice@3541cb24]" started-at="2022-09-06T14:58:24 IST" name="TestCase2" finished-at="2022-09-06T14:58:24 IST" duration-ms="1" status="PASS">
          <reporter-output>
          </reporter-output>
        </test-method> <!-- TestCase2 -->
        <test-method is-config="true" signature="BeforeEachtestCase()[pri:0, instance:TestNGlearning.MavenProject.TestNgPractice@3541cb24]" started-at="2022-09-06T14:58:24 IST" name="BeforeEachtestCase" finished-at="2022-09-06T14:58:24 IST" duration-ms="0" status="PASS">
          <reporter-output>
          </reporter-output>
        </test-method> <!-- BeforeEachtestCase -->
        <test-method is-config="true" signature="AfterEachTestMethod()[pri:0, instance:TestNGlearning.MavenProject.TestNgPractice@3541cb24]" started-at="2022-09-06T14:58:24 IST" name="AfterEachTestMethod" finished-at="2022-09-06T14:58:24 IST" duration-ms="0" status="PASS">
          <reporter-output>
          </reporter-output>
        </test-method> <!-- AfterEachTestMethod -->
        <test-method is-config="true" signature="BeforeEachtestCase()[pri:0, instance:TestNGlearning.MavenProject.TestNgPractice@3541cb24]" started-at="2022-09-06T14:58:24 IST" name="BeforeEachtestCase" finished-at="2022-09-06T14:58:24 IST" duration-ms="0" status="PASS">
          <reporter-output>
          </reporter-output>
        </test-method> <!-- BeforeEachtestCase -->
        <test-method signature="TestCase3()[pri:0, instance:TestNGlearning.MavenProject.TestNgPractice@3541cb24]" started-at="2022-09-06T14:58:24 IST" name="TestCase3" finished-at="2022-09-06T14:58:24 IST" duration-ms="0" status="PASS">
          <reporter-output>
          </reporter-output>
        </test-method> <!-- TestCase3 -->
        <test-method is-config="true" signature="AfterEachTestMethod()[pri:0, instance:TestNGlearning.MavenProject.TestNgPractice@3541cb24]" started-at="2022-09-06T14:58:24 IST" name="AfterEachTestMethod" finished-at="2022-09-06T14:58:24 IST" duration-ms="0" status="PASS">
          <reporter-output>
          </reporter-output>
        </test-method> <!-- AfterEachTestMethod -->
        <test-method signature="TestCase4()[pri:0, instance:TestNGlearning.MavenProject.TestNgPractice@3541cb24]" started-at="2022-09-06T14:58:24 IST" name="TestCase4" finished-at="2022-09-06T14:58:24 IST" duration-ms="0" status="PASS">
          <reporter-output>
          </reporter-output>
        </test-method> <!-- TestCase4 -->
        <test-method is-config="true" signature="AfterEachTestMethod()[pri:0, instance:TestNGlearning.MavenProject.TestNgPractice@3541cb24]" started-at="2022-09-06T14:58:24 IST" name="AfterEachTestMethod" finished-at="2022-09-06T14:58:24 IST" duration-ms="0" status="PASS">
          <reporter-output>
          </reporter-output>
        </test-method> <!-- AfterEachTestMethod -->
        <test-method is-config="true" signature="BeforeEachtestCase()[pri:0, instance:TestNGlearning.MavenProject.TestNgPractice@3541cb24]" started-at="2022-09-06T14:58:24 IST" name="BeforeEachtestCase" finished-at="2022-09-06T14:58:24 IST" duration-ms="0" status="PASS">
          <reporter-output>
          </reporter-output>
        </test-method> <!-- BeforeEachtestCase -->
        <test-method is-config="true" signature="GenerateReoprt()[pri:0, instance:TestNGlearning.MavenProject.TestNgPractice@3541cb24]" started-at="2022-09-06T14:58:24 IST" name="GenerateReoprt" finished-at="2022-09-06T14:58:24 IST" duration-ms="1" status="PASS">
          <reporter-output>
          </reporter-output>
        </test-method> <!-- GenerateReoprt -->
        <test-method is-config="true" signature="closedriver()[pri:0, instance:TestNGlearning.MavenProject.TestNgPractice@3541cb24]" started-at="2022-09-06T14:58:24 IST" name="closedriver" finished-at="2022-09-06T14:58:24 IST" duration-ms="0" status="PASS">
          <reporter-output>
          </reporter-output>
        </test-method> <!-- closedriver -->
        <test-method is-config="true" signature="cleanupCode()[pri:0, instance:TestNGlearning.MavenProject.TestNgPractice@3541cb24]" started-at="2022-09-06T14:58:24 IST" name="cleanupCode" finished-at="2022-09-06T14:58:24 IST" duration-ms="4" status="PASS">
          <reporter-output>
          </reporter-output>
        </test-method> <!-- cleanupCode -->
      </class> <!-- TestNGlearning.MavenProject.TestNgPractice -->
    </test> <!-- Surefire test -->
  </suite> <!-- Surefire suite -->
</testng-results>
